Detecting compiler hash for triplet x64-linux...
Compiler found: /usr/bin/c++
The following packages will be built and installed:
    fmt:x64-linux@12.1.0
    gtest:x64-linux@1.17.0#2
  * vcpkg-cmake:x64-linux@2024-04-23
  * vcpkg-cmake-config:x64-linux@2024-05-23
Additional packages (*) will be modified to complete this operation.
Restored 4 package(s) from /home/ilya/.cache/vcpkg/archives in 65.1 ms. Use --debug to see more details.
Installing 1/4 vcpkg-cmake-config:x64-linux@2024-05-23...
vcpkg-cmake-config:x64-linux@2024-05-23 package ABI: 4aff1e7c2adda6328b43f5f45d004a6ddc0d0fcbec50c90cc2e89fa62c6b497c
Elapsed time to handle vcpkg-cmake-config:x64-linux: 1.1 ms
Installing 2/4 vcpkg-cmake:x64-linux@2024-04-23...
vcpkg-cmake:x64-linux@2024-04-23 package ABI: ad57acdd48befba692aa56e1014d1064c0f6e4f365a4a037dd2cd730301d70a6
Elapsed time to handle vcpkg-cmake:x64-linux: 1.19 ms
Installing 3/4 fmt:x64-linux@12.1.0...
fmt:x64-linux@12.1.0 package ABI: c2f846b2d1c8f700739bdfab9d6b2bc8cf1b727f2eb1e61bf017e6ce43f2017b
Elapsed time to handle fmt:x64-linux: 1.92 ms
Installing 4/4 gtest:x64-linux@1.17.0#2...
gtest:x64-linux@1.17.0#2 package ABI: b14bcd465c9ad51242daee477cfbc90ca590397f0f136c61d26fc3b84554380b
Elapsed time to handle gtest:x64-linux: 4 ms
Installed contents are licensed to you by owners. Microsoft is not responsible for, nor does it grant any licenses to, third-party packages.
Packages installed in this vcpkg installation declare the following licenses:
BSD-3-Clause
MIT
The package fmt provides CMake targets:

    find_package(fmt CONFIG REQUIRED)
    target_link_libraries(main PRIVATE fmt::fmt)

    # Or use the header-only version
    find_package(fmt CONFIG REQUIRED)
    target_link_libraries(main PRIVATE fmt::fmt-header-only)

The package gtest is compatible with built-in CMake targets:

    enable_testing()
    
    find_package(GTest CONFIG REQUIRED)
    target_link_libraries(main PRIVATE GTest::gtest GTest::gtest_main GTest::gmock GTest::gmock_main)
    
    add_test(AllTestsInMain main)

All requested installations completed successfully in: 9.02 ms
